<?xml version="1.0" encoding="UTF-8"?>
<testng-results skipped="0" failed="0" total="1" passed="1">
  <reporter-output>
  </reporter-output>
  <suite name="selenium.artifact.maven.AutomationTest" duration-ms="13729" started-at="2017-01-16T04:19:00Z" finished-at="2017-01-16T04:19:14Z">
    <groups>
    </groups>
    <test name="Command line test" duration-ms="13729" started-at="2017-01-16T04:19:00Z" finished-at="2017-01-16T04:19:14Z">
      <class name="selenium.artifact.maven.AutomationTest">
        <test-method status="PASS" signature="TestFireFox()[pri:0, instance:selenium.artifact.maven.AutomationTest@6b2fad11]" name="TestFireFox" duration-ms="13716" started-at="2017-01-15T23:19:00Z" finished-at="2017-01-15T23:19:14Z">
          <reporter-output>
          </reporter-output>
        </test-method> <!-- TestFireFox -->
      </class> <!-- selenium.artifact.maven.AutomationTest -->
    </test> <!-- Command line test -->
  </suite> <!-- selenium.artifact.maven.AutomationTest -->
</testng-results>
